2025-10-19 20:11:43,001 - INFO - test_new_cars_details.py - setup_class - Line:16 - test new cars details started
2025-10-19 20:11:47,041 - INFO - test_new_cars_details.py - test_get_maruti_suzuki_cars_details - Line:29 - extracting maruti suzuki car details
2025-10-19 20:11:47,041 - INFO - HomePage.py - go_to_find_new_cars - Line:15 - hovering on new cars
2025-10-19 20:11:47,422 - INFO - HomePage.py - go_to_find_new_cars - Line:17 - hovered on new cars
2025-10-19 20:11:47,422 - INFO - HomePage.py - go_to_find_new_cars - Line:18 - clicking on find new cars
2025-10-19 20:11:47,639 - INFO - HomePage.py - go_to_find_new_cars - Line:20 - clicked on find new cars
2025-10-19 20:11:48,650 - INFO - NewCarsPage.py - __init__ - Line:15 - clicking on view more brands
2025-10-19 20:11:48,714 - INFO - NewCarsPage.py - __init__ - Line:18 - clicked on view more brands
2025-10-19 20:11:50,719 - INFO - NewCarsPage.py - select_MarutiSuzuki - Line:23 - clicking on maruti suzuki cars
2025-10-19 20:11:50,806 - INFO - NewCarsPage.py - select_MarutiSuzuki - Line:25 - clicked on maruti suzuki cars
2025-10-19 20:11:52,699 - INFO - test_new_cars_details.py - test_get_maruti_suzuki_cars_details - Line:31 - writing maruti suzuki car details in excel
2025-10-19 20:11:52,731 - INFO - test_new_cars_details.py - test_get_maruti_suzuki_cars_details - Line:33 - maruti suzuki car details saved in excel
2025-10-19 20:11:56,699 - INFO - test_new_cars_details.py - test_get_mahindra_cars_details - Line:36 - extracting mahindra car details
2025-10-19 20:11:56,699 - INFO - HomePage.py - go_to_find_new_cars - Line:15 - hovering on new cars
2025-10-19 20:11:58,529 - INFO - HomePage.py - go_to_find_new_cars - Line:17 - hovered on new cars
2025-10-19 20:11:58,529 - INFO - HomePage.py - go_to_find_new_cars - Line:18 - clicking on find new cars
2025-10-19 20:11:58,705 - INFO - HomePage.py - go_to_find_new_cars - Line:20 - clicked on find new cars
2025-10-19 20:11:59,710 - INFO - NewCarsPage.py - __init__ - Line:15 - clicking on view more brands
2025-10-19 20:11:59,785 - INFO - NewCarsPage.py - __init__ - Line:18 - clicked on view more brands
2025-10-19 20:12:01,797 - INFO - NewCarsPage.py - select_Mahindra - Line:29 - clicking on mahindra cars
2025-10-19 20:12:01,872 - INFO - NewCarsPage.py - select_Mahindra - Line:31 - clicked on mahindra cars
2025-10-19 20:12:02,918 - INFO - test_new_cars_details.py - test_get_mahindra_cars_details - Line:38 - writing mahindra car details in excel
2025-10-19 20:12:02,996 - INFO - test_new_cars_details.py - test_get_mahindra_cars_details - Line:40 - mahindra car details saved in excel
2025-10-19 20:12:08,288 - INFO - test_new_cars_details.py - test_get_tata_cars_details - Line:43 - extracting tata car details
2025-10-19 20:12:08,288 - INFO - HomePage.py - go_to_find_new_cars - Line:15 - hovering on new cars
2025-10-19 20:12:08,665 - INFO - HomePage.py - go_to_find_new_cars - Line:17 - hovered on new cars
2025-10-19 20:12:08,665 - INFO - HomePage.py - go_to_find_new_cars - Line:18 - clicking on find new cars
2025-10-19 20:12:08,848 - INFO - HomePage.py - go_to_find_new_cars - Line:20 - clicked on find new cars
2025-10-19 20:12:09,863 - INFO - NewCarsPage.py - __init__ - Line:15 - clicking on view more brands
2025-10-19 20:12:09,953 - INFO - NewCarsPage.py - __init__ - Line:18 - clicked on view more brands
2025-10-19 20:12:11,967 - INFO - NewCarsPage.py - select_TATA - Line:35 - clicking on tata cars
2025-10-19 20:12:12,081 - INFO - NewCarsPage.py - select_TATA - Line:37 - clicked on tata cars
2025-10-19 20:12:13,263 - INFO - test_new_cars_details.py - test_get_tata_cars_details - Line:45 - writing tata car details in excel
2025-10-19 20:12:13,378 - INFO - test_new_cars_details.py - test_get_tata_cars_details - Line:47 - tata car details saved in excel
2025-10-19 20:12:18,604 - INFO - test_new_cars_details.py - test_get_bentley_cars_details - Line:50 - extracting bentley car details
2025-10-19 20:12:18,604 - INFO - HomePage.py - go_to_find_new_cars - Line:15 - hovering on new cars
2025-10-19 20:12:18,924 - INFO - HomePage.py - go_to_find_new_cars - Line:17 - hovered on new cars
2025-10-19 20:12:18,924 - INFO - HomePage.py - go_to_find_new_cars - Line:18 - clicking on find new cars
2025-10-19 20:12:19,132 - INFO - HomePage.py - go_to_find_new_cars - Line:20 - clicked on find new cars
2025-10-19 20:12:20,142 - INFO - NewCarsPage.py - __init__ - Line:15 - clicking on view more brands
2025-10-19 20:12:20,220 - INFO - NewCarsPage.py - __init__ - Line:18 - clicked on view more brands
2025-10-19 20:12:22,229 - INFO - NewCarsPage.py - select_Bentley - Line:41 - clicking on bentley cars
2025-10-19 20:12:22,308 - INFO - NewCarsPage.py - select_Bentley - Line:43 - clicked on bentley cars
2025-10-19 20:12:22,962 - INFO - test_new_cars_details.py - test_get_bentley_cars_details - Line:52 - writing bentley car details in excel
2025-10-19 20:12:23,048 - INFO - test_new_cars_details.py - test_get_bentley_cars_details - Line:54 - bentley car details saved in excel
2025-10-19 20:12:29,124 - INFO - NewsPage.py - get_latest_news_details_of_specific_car - Line:13 - searching for car news
2025-10-19 20:12:31,757 - INFO - NewsPage.py - get_latest_news_details_of_specific_car - Line:17 - clicking on latest news icon
2025-10-19 20:12:32,849 - INFO - test_news.py - test_news - Line:24 - news screenshot attached to allure
2025-10-19 20:12:40,380 - INFO - SellYourCarPage.py - fill_details - Line:10 - searching for city
2025-10-19 20:12:40,573 - INFO - SellYourCarPage.py - fill_details - Line:12 - clicking on city
2025-10-19 20:12:41,313 - INFO - SellYourCarPage.py - fill_details - Line:14 - clicking on pincode box
2025-10-19 20:12:41,497 - INFO - SellYourCarPage.py - fill_details - Line:16 - searching for pincode
2025-10-19 20:12:41,755 - INFO - SellYourCarPage.py - fill_details - Line:18 - clicking on desired pincode
2025-10-19 20:12:41,895 - INFO - SellYourCarPage.py - fill_details - Line:20 - clicking on next button
2025-10-19 20:12:42,052 - INFO - SellYourCarPage.py - fill_details - Line:22 - selecting year
2025-10-19 20:12:42,890 - INFO - SellYourCarPage.py - fill_details - Line:24 - selecting month
2025-10-19 20:12:42,978 - INFO - SellYourCarPage.py - fill_details - Line:26 - selecting brand
2025-10-19 20:12:43,078 - INFO - SellYourCarPage.py - fill_details - Line:28 - selecting model
2025-10-19 20:12:43,891 - INFO - SellYourCarPage.py - fill_details - Line:30 - selecting fuel
2025-10-19 20:12:44,021 - INFO - SellYourCarPage.py - fill_details - Line:32 - selecting version
2025-10-19 20:12:44,770 - INFO - SellYourCarPage.py - fill_details - Line:34 - selecting colour
2025-10-19 20:12:45,488 - INFO - SellYourCarPage.py - fill_details - Line:36 - selecting alternate fuel
2025-10-19 20:12:45,634 - INFO - SellYourCarPage.py - fill_details - Line:38 - selecting owner
2025-10-19 20:12:45,724 - INFO - SellYourCarPage.py - fill_details - Line:40 - typing kilometers
2025-10-19 20:12:45,840 - INFO - SellYourCarPage.py - fill_details - Line:42 - typing selling price
2025-10-19 20:12:48,047 - INFO - SellYourCarPage.py - fill_details - Line:45 - clicking on post ad
2025-10-19 20:12:57,679 - INFO - SellYourCarPage.py - fill_details - Line:10 - searching for city
2025-10-19 20:12:57,853 - INFO - SellYourCarPage.py - fill_details - Line:12 - clicking on city
2025-10-19 20:12:58,627 - INFO - SellYourCarPage.py - fill_details - Line:14 - clicking on pincode box
2025-10-19 20:12:58,891 - INFO - SellYourCarPage.py - fill_details - Line:16 - searching for pincode
2025-10-19 20:12:59,310 - INFO - SellYourCarPage.py - fill_details - Line:18 - clicking on desired pincode
2025-10-19 20:12:59,438 - INFO - SellYourCarPage.py - fill_details - Line:20 - clicking on next button
2025-10-19 20:12:59,537 - INFO - SellYourCarPage.py - fill_details - Line:22 - selecting year
2025-10-19 20:13:00,198 - INFO - SellYourCarPage.py - fill_details - Line:24 - selecting month
2025-10-19 20:13:00,471 - INFO - SellYourCarPage.py - fill_details - Line:26 - selecting brand
2025-10-19 20:13:00,779 - INFO - SellYourCarPage.py - fill_details - Line:28 - selecting model
2025-10-19 20:13:01,706 - INFO - SellYourCarPage.py - fill_details - Line:30 - selecting fuel
2025-10-19 20:13:01,839 - INFO - SellYourCarPage.py - fill_details - Line:32 - selecting version
2025-10-19 20:13:02,692 - INFO - SellYourCarPage.py - fill_details - Line:34 - selecting colour
2025-10-19 20:13:03,284 - INFO - SellYourCarPage.py - fill_details - Line:36 - selecting alternate fuel
2025-10-19 20:13:03,471 - INFO - SellYourCarPage.py - fill_details - Line:38 - selecting owner
2025-10-19 20:13:03,584 - INFO - SellYourCarPage.py - fill_details - Line:40 - typing kilometers
2025-10-19 20:13:03,762 - INFO - SellYourCarPage.py - fill_details - Line:42 - typing selling price
2025-10-19 20:13:05,931 - INFO - SellYourCarPage.py - fill_details - Line:45 - clicking on post ad
2025-10-19 20:13:21,199 - INFO - test_new_cars_details.py - setup_class - Line:16 - test new cars details started
2025-10-19 20:13:24,262 - INFO - test_new_cars_details.py - test_get_maruti_suzuki_cars_details - Line:29 - extracting maruti suzuki car details
2025-10-19 20:13:24,262 - INFO - HomePage.py - go_to_find_new_cars - Line:15 - hovering on new cars
2025-10-19 20:13:24,576 - INFO - HomePage.py - go_to_find_new_cars - Line:17 - hovered on new cars
2025-10-19 20:13:24,576 - INFO - HomePage.py - go_to_find_new_cars - Line:18 - clicking on find new cars
2025-10-19 20:13:24,842 - INFO - HomePage.py - go_to_find_new_cars - Line:20 - clicked on find new cars
2025-10-19 20:13:25,847 - INFO - NewCarsPage.py - __init__ - Line:15 - clicking on view more brands
2025-10-19 20:13:25,922 - INFO - NewCarsPage.py - __init__ - Line:18 - clicked on view more brands
2025-10-19 20:13:27,938 - INFO - NewCarsPage.py - select_MarutiSuzuki - Line:23 - clicking on maruti suzuki cars
2025-10-19 20:13:28,096 - INFO - NewCarsPage.py - select_MarutiSuzuki - Line:25 - clicked on maruti suzuki cars
2025-10-19 20:13:29,099 - INFO - test_new_cars_details.py - test_get_maruti_suzuki_cars_details - Line:31 - writing maruti suzuki car details in excel
2025-10-19 20:13:29,113 - INFO - test_new_cars_details.py - test_get_maruti_suzuki_cars_details - Line:33 - maruti suzuki car details saved in excel
2025-10-19 20:13:35,916 - INFO - test_new_cars_details.py - test_get_mahindra_cars_details - Line:36 - extracting mahindra car details
2025-10-19 20:13:35,916 - INFO - HomePage.py - go_to_find_new_cars - Line:15 - hovering on new cars
2025-10-19 20:13:36,276 - INFO - HomePage.py - go_to_find_new_cars - Line:17 - hovered on new cars
2025-10-19 20:13:36,276 - INFO - HomePage.py - go_to_find_new_cars - Line:18 - clicking on find new cars
2025-10-19 20:13:36,543 - INFO - HomePage.py - go_to_find_new_cars - Line:20 - clicked on find new cars
2025-10-19 20:13:37,543 - INFO - NewCarsPage.py - __init__ - Line:15 - clicking on view more brands
2025-10-19 20:13:37,704 - INFO - NewCarsPage.py - __init__ - Line:18 - clicked on view more brands
2025-10-19 20:13:39,711 - INFO - NewCarsPage.py - select_Mahindra - Line:29 - clicking on mahindra cars
2025-10-19 20:13:39,859 - INFO - NewCarsPage.py - select_Mahindra - Line:31 - clicked on mahindra cars
2025-10-19 20:13:41,352 - INFO - test_new_cars_details.py - test_get_mahindra_cars_details - Line:38 - writing mahindra car details in excel
2025-10-19 20:13:41,424 - INFO - test_new_cars_details.py - test_get_mahindra_cars_details - Line:40 - mahindra car details saved in excel
2025-10-19 20:13:45,317 - INFO - test_new_cars_details.py - test_get_tata_cars_details - Line:43 - extracting tata car details
2025-10-19 20:13:45,318 - INFO - HomePage.py - go_to_find_new_cars - Line:15 - hovering on new cars
2025-10-19 20:13:47,314 - INFO - HomePage.py - go_to_find_new_cars - Line:17 - hovered on new cars
2025-10-19 20:13:47,314 - INFO - HomePage.py - go_to_find_new_cars - Line:18 - clicking on find new cars
2025-10-19 20:13:47,499 - INFO - HomePage.py - go_to_find_new_cars - Line:20 - clicked on find new cars
2025-10-19 20:13:48,503 - INFO - NewCarsPage.py - __init__ - Line:15 - clicking on view more brands
2025-10-19 20:13:48,751 - INFO - NewCarsPage.py - __init__ - Line:18 - clicked on view more brands
2025-10-19 20:13:50,759 - INFO - NewCarsPage.py - select_TATA - Line:35 - clicking on tata cars
2025-10-19 20:13:50,931 - INFO - NewCarsPage.py - select_TATA - Line:37 - clicked on tata cars
2025-10-19 20:13:52,266 - INFO - test_new_cars_details.py - test_get_tata_cars_details - Line:45 - writing tata car details in excel
2025-10-19 20:13:52,338 - INFO - test_new_cars_details.py - test_get_tata_cars_details - Line:47 - tata car details saved in excel
2025-10-19 20:13:57,750 - INFO - test_new_cars_details.py - test_get_bentley_cars_details - Line:50 - extracting bentley car details
2025-10-19 20:13:57,750 - INFO - HomePage.py - go_to_find_new_cars - Line:15 - hovering on new cars
2025-10-19 20:13:58,137 - INFO - HomePage.py - go_to_find_new_cars - Line:17 - hovered on new cars
2025-10-19 20:13:58,139 - INFO - HomePage.py - go_to_find_new_cars - Line:18 - clicking on find new cars
2025-10-19 20:13:58,406 - INFO - HomePage.py - go_to_find_new_cars - Line:20 - clicked on find new cars
2025-10-19 20:13:59,426 - INFO - NewCarsPage.py - __init__ - Line:15 - clicking on view more brands
2025-10-19 20:13:59,512 - INFO - NewCarsPage.py - __init__ - Line:18 - clicked on view more brands
2025-10-19 20:14:01,525 - INFO - NewCarsPage.py - select_Bentley - Line:41 - clicking on bentley cars
2025-10-19 20:14:01,645 - INFO - NewCarsPage.py - select_Bentley - Line:43 - clicked on bentley cars
2025-10-19 20:14:02,341 - INFO - test_new_cars_details.py - test_get_bentley_cars_details - Line:52 - writing bentley car details in excel
2025-10-19 20:14:02,408 - INFO - test_new_cars_details.py - test_get_bentley_cars_details - Line:54 - bentley car details saved in excel
2025-10-19 20:14:08,553 - INFO - NewsPage.py - get_latest_news_details_of_specific_car - Line:13 - searching for car news
2025-10-19 20:14:11,107 - INFO - NewsPage.py - get_latest_news_details_of_specific_car - Line:17 - clicking on latest news icon
2025-10-19 20:14:11,421 - INFO - test_news.py - test_news - Line:24 - news screenshot attached to allure
2025-10-19 20:14:19,202 - INFO - SellYourCarPage.py - fill_details - Line:10 - searching for city
2025-10-19 20:14:19,394 - INFO - SellYourCarPage.py - fill_details - Line:12 - clicking on city
2025-10-19 20:14:20,063 - INFO - SellYourCarPage.py - fill_details - Line:14 - clicking on pincode box
2025-10-19 20:14:20,254 - INFO - SellYourCarPage.py - fill_details - Line:16 - searching for pincode
2025-10-19 20:14:20,508 - INFO - SellYourCarPage.py - fill_details - Line:18 - clicking on desired pincode
2025-10-19 20:14:20,867 - INFO - SellYourCarPage.py - fill_details - Line:20 - clicking on next button
2025-10-19 20:14:20,967 - INFO - SellYourCarPage.py - fill_details - Line:22 - selecting year
2025-10-19 20:14:21,846 - INFO - SellYourCarPage.py - fill_details - Line:24 - selecting month
2025-10-19 20:14:22,051 - INFO - SellYourCarPage.py - fill_details - Line:26 - selecting brand
2025-10-19 20:14:22,281 - INFO - SellYourCarPage.py - fill_details - Line:28 - selecting model
2025-10-19 20:14:22,984 - INFO - SellYourCarPage.py - fill_details - Line:30 - selecting fuel
2025-10-19 20:14:23,154 - INFO - SellYourCarPage.py - fill_details - Line:32 - selecting version
2025-10-19 20:14:23,764 - INFO - SellYourCarPage.py - fill_details - Line:34 - selecting colour
2025-10-19 20:14:24,400 - INFO - SellYourCarPage.py - fill_details - Line:36 - selecting alternate fuel
2025-10-19 20:14:24,545 - INFO - SellYourCarPage.py - fill_details - Line:38 - selecting owner
2025-10-19 20:14:24,686 - INFO - SellYourCarPage.py - fill_details - Line:40 - typing kilometers
2025-10-19 20:14:24,794 - INFO - SellYourCarPage.py - fill_details - Line:42 - typing selling price
2025-10-19 20:14:26,984 - INFO - SellYourCarPage.py - fill_details - Line:45 - clicking on post ad
2025-10-19 20:14:36,786 - INFO - SellYourCarPage.py - fill_details - Line:10 - searching for city
2025-10-19 20:14:36,972 - INFO - SellYourCarPage.py - fill_details - Line:12 - clicking on city
2025-10-19 20:14:37,893 - INFO - SellYourCarPage.py - fill_details - Line:14 - clicking on pincode box
2025-10-19 20:14:38,053 - INFO - SellYourCarPage.py - fill_details - Line:16 - searching for pincode
2025-10-19 20:14:38,258 - INFO - SellYourCarPage.py - fill_details - Line:18 - clicking on desired pincode
2025-10-19 20:14:38,371 - INFO - SellYourCarPage.py - fill_details - Line:20 - clicking on next button
2025-10-19 20:14:38,460 - INFO - SellYourCarPage.py - fill_details - Line:22 - selecting year
2025-10-19 20:14:39,137 - INFO - SellYourCarPage.py - fill_details - Line:24 - selecting month
2025-10-19 20:14:39,295 - INFO - SellYourCarPage.py - fill_details - Line:26 - selecting brand
2025-10-19 20:14:39,586 - INFO - SellYourCarPage.py - fill_details - Line:28 - selecting model
2025-10-19 20:14:40,618 - INFO - SellYourCarPage.py - fill_details - Line:30 - selecting fuel
2025-10-19 20:14:40,730 - INFO - SellYourCarPage.py - fill_details - Line:32 - selecting version
2025-10-19 20:14:41,697 - INFO - SellYourCarPage.py - fill_details - Line:34 - selecting colour
2025-10-19 20:14:42,396 - INFO - SellYourCarPage.py - fill_details - Line:36 - selecting alternate fuel
2025-10-19 20:14:42,572 - INFO - SellYourCarPage.py - fill_details - Line:38 - selecting owner
2025-10-19 20:14:42,725 - INFO - SellYourCarPage.py - fill_details - Line:40 - typing kilometers
2025-10-19 20:14:42,860 - INFO - SellYourCarPage.py - fill_details - Line:42 - typing selling price
2025-10-19 20:14:45,024 - INFO - SellYourCarPage.py - fill_details - Line:45 - clicking on post ad
2025-10-19 23:51:52,331 - INFO - test_new_cars_details.py - setup_class - Line:16 - test new cars details started
2025-10-19 23:51:56,889 - INFO - test_new_cars_details.py - test_get_maruti_suzuki_cars_details - Line:29 - extracting maruti suzuki car details
2025-10-19 23:51:56,889 - INFO - HomePage.py - go_to_find_new_cars - Line:15 - hovering on new cars
2025-10-19 23:51:57,250 - INFO - HomePage.py - go_to_find_new_cars - Line:17 - hovered on new cars
2025-10-19 23:51:57,250 - INFO - HomePage.py - go_to_find_new_cars - Line:18 - clicking on find new cars
2025-10-19 23:51:57,427 - INFO - HomePage.py - go_to_find_new_cars - Line:20 - clicked on find new cars
2025-10-19 23:51:58,437 - INFO - NewCarsPage.py - __init__ - Line:15 - clicking on view more brands
2025-10-19 23:51:58,511 - INFO - NewCarsPage.py - __init__ - Line:18 - clicked on view more brands
2025-10-19 23:52:00,526 - INFO - NewCarsPage.py - select_MarutiSuzuki - Line:23 - clicking on maruti suzuki cars
2025-10-19 23:52:00,735 - INFO - NewCarsPage.py - select_MarutiSuzuki - Line:25 - clicked on maruti suzuki cars
2025-10-19 23:52:01,695 - INFO - test_new_cars_details.py - test_get_maruti_suzuki_cars_details - Line:31 - writing maruti suzuki car details in excel
2025-10-19 23:52:01,715 - INFO - test_new_cars_details.py - test_get_maruti_suzuki_cars_details - Line:33 - maruti suzuki car details saved in excel
2025-10-19 23:52:07,339 - INFO - test_new_cars_details.py - test_get_mahindra_cars_details - Line:36 - extracting mahindra car details
2025-10-19 23:52:07,339 - INFO - HomePage.py - go_to_find_new_cars - Line:15 - hovering on new cars
2025-10-19 23:52:07,662 - INFO - HomePage.py - go_to_find_new_cars - Line:17 - hovered on new cars
2025-10-19 23:52:07,662 - INFO - HomePage.py - go_to_find_new_cars - Line:18 - clicking on find new cars
2025-10-19 23:52:08,113 - INFO - HomePage.py - go_to_find_new_cars - Line:20 - clicked on find new cars
2025-10-19 23:52:09,120 - INFO - NewCarsPage.py - __init__ - Line:15 - clicking on view more brands
2025-10-19 23:52:09,239 - INFO - NewCarsPage.py - __init__ - Line:18 - clicked on view more brands
2025-10-19 23:52:11,239 - INFO - NewCarsPage.py - select_Mahindra - Line:29 - clicking on mahindra cars
2025-10-19 23:52:11,321 - INFO - NewCarsPage.py - select_Mahindra - Line:31 - clicked on mahindra cars
2025-10-19 23:52:12,923 - INFO - test_new_cars_details.py - test_get_mahindra_cars_details - Line:38 - writing mahindra car details in excel
2025-10-19 23:52:13,012 - INFO - test_new_cars_details.py - test_get_mahindra_cars_details - Line:40 - mahindra car details saved in excel
2025-10-19 23:52:18,707 - INFO - test_new_cars_details.py - test_get_tata_cars_details - Line:43 - extracting tata car details
2025-10-19 23:52:18,707 - INFO - HomePage.py - go_to_find_new_cars - Line:15 - hovering on new cars
2025-10-19 23:52:19,026 - INFO - HomePage.py - go_to_find_new_cars - Line:17 - hovered on new cars
2025-10-19 23:52:19,026 - INFO - HomePage.py - go_to_find_new_cars - Line:18 - clicking on find new cars
2025-10-19 23:52:19,228 - INFO - HomePage.py - go_to_find_new_cars - Line:20 - clicked on find new cars
2025-10-19 23:52:20,238 - INFO - NewCarsPage.py - __init__ - Line:15 - clicking on view more brands
2025-10-19 23:52:20,320 - INFO - NewCarsPage.py - __init__ - Line:18 - clicked on view more brands
2025-10-19 23:52:22,331 - INFO - NewCarsPage.py - select_TATA - Line:35 - clicking on tata cars
2025-10-19 23:52:22,446 - INFO - NewCarsPage.py - select_TATA - Line:37 - clicked on tata cars
2025-10-19 23:52:23,526 - INFO - test_new_cars_details.py - test_get_tata_cars_details - Line:45 - writing tata car details in excel
2025-10-19 23:52:23,583 - INFO - test_new_cars_details.py - test_get_tata_cars_details - Line:47 - tata car details saved in excel
2025-10-19 23:52:29,352 - INFO - test_new_cars_details.py - test_get_bentley_cars_details - Line:50 - extracting bentley car details
2025-10-19 23:52:29,352 - INFO - HomePage.py - go_to_find_new_cars - Line:15 - hovering on new cars
2025-10-19 23:52:29,754 - INFO - HomePage.py - go_to_find_new_cars - Line:17 - hovered on new cars
2025-10-19 23:52:29,754 - INFO - HomePage.py - go_to_find_new_cars - Line:18 - clicking on find new cars
2025-10-19 23:52:30,085 - INFO - HomePage.py - go_to_find_new_cars - Line:20 - clicked on find new cars
2025-10-19 23:52:31,090 - INFO - NewCarsPage.py - __init__ - Line:15 - clicking on view more brands
2025-10-19 23:52:31,156 - INFO - NewCarsPage.py - __init__ - Line:18 - clicked on view more brands
2025-10-19 23:52:33,162 - INFO - NewCarsPage.py - select_Bentley - Line:41 - clicking on bentley cars
2025-10-19 23:52:33,316 - INFO - NewCarsPage.py - select_Bentley - Line:43 - clicked on bentley cars
2025-10-19 23:52:33,980 - INFO - test_new_cars_details.py - test_get_bentley_cars_details - Line:52 - writing bentley car details in excel
2025-10-19 23:52:34,072 - INFO - test_new_cars_details.py - test_get_bentley_cars_details - Line:54 - bentley car details saved in excel
2025-10-19 23:52:40,551 - INFO - NewsPage.py - get_latest_news_details_of_specific_car - Line:13 - searching for car news
2025-10-19 23:52:43,066 - INFO - NewsPage.py - get_latest_news_details_of_specific_car - Line:17 - clicking on latest news icon
2025-10-19 23:52:44,034 - INFO - test_news.py - test_news - Line:24 - news screenshot attached to allure
2025-10-19 23:52:51,888 - INFO - SellYourCarPage.py - fill_details - Line:10 - searching for city
2025-10-19 23:52:52,104 - INFO - SellYourCarPage.py - fill_details - Line:12 - clicking on city
2025-10-19 23:52:53,332 - INFO - SellYourCarPage.py - fill_details - Line:14 - clicking on pincode box
2025-10-19 23:52:53,562 - INFO - SellYourCarPage.py - fill_details - Line:16 - searching for pincode
2025-10-19 23:52:53,886 - INFO - SellYourCarPage.py - fill_details - Line:18 - clicking on desired pincode
2025-10-19 23:52:54,018 - INFO - SellYourCarPage.py - fill_details - Line:20 - clicking on next button
2025-10-19 23:52:54,139 - INFO - SellYourCarPage.py - fill_details - Line:22 - selecting year
2025-10-19 23:52:55,179 - INFO - SellYourCarPage.py - fill_details - Line:24 - selecting month
2025-10-19 23:52:55,351 - INFO - SellYourCarPage.py - fill_details - Line:26 - selecting brand
2025-10-19 23:52:55,551 - INFO - SellYourCarPage.py - fill_details - Line:28 - selecting model
2025-10-19 23:52:56,290 - INFO - SellYourCarPage.py - fill_details - Line:30 - selecting fuel
2025-10-19 23:52:56,509 - INFO - SellYourCarPage.py - fill_details - Line:32 - selecting version
2025-10-19 23:52:56,599 - INFO - SellYourCarPage.py - fill_details - Line:34 - selecting colour
2025-10-19 23:52:57,312 - INFO - SellYourCarPage.py - fill_details - Line:36 - selecting alternate fuel
2025-10-19 23:52:57,452 - INFO - SellYourCarPage.py - fill_details - Line:38 - selecting owner
2025-10-19 23:52:57,574 - INFO - SellYourCarPage.py - fill_details - Line:40 - typing kilometers
2025-10-19 23:52:57,711 - INFO - SellYourCarPage.py - fill_details - Line:42 - typing selling price
2025-10-19 23:52:59,923 - INFO - SellYourCarPage.py - fill_details - Line:45 - clicking on post ad
2025-10-19 23:53:10,218 - INFO - SellYourCarPage.py - fill_details - Line:10 - searching for city
2025-10-19 23:53:10,392 - INFO - SellYourCarPage.py - fill_details - Line:12 - clicking on city
2025-10-19 23:53:11,272 - INFO - SellYourCarPage.py - fill_details - Line:14 - clicking on pincode box
2025-10-19 23:53:11,450 - INFO - SellYourCarPage.py - fill_details - Line:16 - searching for pincode
2025-10-19 23:53:11,738 - INFO - SellYourCarPage.py - fill_details - Line:18 - clicking on desired pincode
2025-10-19 23:53:11,903 - INFO - SellYourCarPage.py - fill_details - Line:20 - clicking on next button
2025-10-19 23:53:12,032 - INFO - SellYourCarPage.py - fill_details - Line:22 - selecting year
2025-10-19 23:53:12,766 - INFO - SellYourCarPage.py - fill_details - Line:24 - selecting month
2025-10-19 23:53:13,102 - INFO - SellYourCarPage.py - fill_details - Line:26 - selecting brand
2025-10-19 23:53:13,424 - INFO - SellYourCarPage.py - fill_details - Line:28 - selecting model
2025-10-19 23:53:14,310 - INFO - SellYourCarPage.py - fill_details - Line:30 - selecting fuel
2025-10-19 23:53:14,523 - INFO - SellYourCarPage.py - fill_details - Line:32 - selecting version
2025-10-19 23:53:15,454 - INFO - SellYourCarPage.py - fill_details - Line:34 - selecting colour
2025-10-19 23:53:16,198 - INFO - SellYourCarPage.py - fill_details - Line:36 - selecting alternate fuel
2025-10-19 23:53:16,372 - INFO - SellYourCarPage.py - fill_details - Line:38 - selecting owner
2025-10-19 23:53:16,474 - INFO - SellYourCarPage.py - fill_details - Line:40 - typing kilometers
2025-10-19 23:53:16,648 - INFO - SellYourCarPage.py - fill_details - Line:42 - typing selling price
2025-10-19 23:53:18,752 - INFO - SellYourCarPage.py - fill_details - Line:45 - clicking on post ad
2025-10-20 15:34:33,737 - INFO - test_new_cars_details.py - setup_class - Line:16 - test new cars details started
2025-10-20 15:34:37,028 - INFO - test_new_cars_details.py - test_get_maruti_suzuki_cars_details - Line:29 - extracting maruti suzuki car details
2025-10-20 15:34:37,028 - INFO - HomePage.py - go_to_find_new_cars - Line:15 - hovering on new cars
2025-10-20 15:34:39,061 - INFO - HomePage.py - go_to_find_new_cars - Line:17 - hovered on new cars
2025-10-20 15:34:39,061 - INFO - HomePage.py - go_to_find_new_cars - Line:18 - clicking on find new cars
2025-10-20 15:34:39,337 - INFO - HomePage.py - go_to_find_new_cars - Line:20 - clicked on find new cars
2025-10-20 15:34:40,352 - INFO - NewCarsPage.py - __init__ - Line:15 - clicking on view more brands
2025-10-20 15:34:40,436 - INFO - NewCarsPage.py - __init__ - Line:18 - clicked on view more brands
2025-10-20 15:34:42,436 - INFO - NewCarsPage.py - select_MarutiSuzuki - Line:23 - clicking on maruti suzuki cars
2025-10-20 15:34:42,511 - INFO - NewCarsPage.py - select_MarutiSuzuki - Line:25 - clicked on maruti suzuki cars
2025-10-20 15:34:43,724 - INFO - test_new_cars_details.py - test_get_maruti_suzuki_cars_details - Line:31 - writing maruti suzuki car details in excel
2025-10-20 15:34:43,778 - INFO - test_new_cars_details.py - test_get_maruti_suzuki_cars_details - Line:33 - maruti suzuki car details saved in excel
2025-10-20 15:34:49,271 - INFO - test_new_cars_details.py - test_get_mahindra_cars_details - Line:36 - extracting mahindra car details
2025-10-20 15:34:49,271 - INFO - HomePage.py - go_to_find_new_cars - Line:15 - hovering on new cars
2025-10-20 15:34:49,582 - INFO - HomePage.py - go_to_find_new_cars - Line:17 - hovered on new cars
2025-10-20 15:34:49,582 - INFO - HomePage.py - go_to_find_new_cars - Line:18 - clicking on find new cars
2025-10-20 15:34:49,799 - INFO - HomePage.py - go_to_find_new_cars - Line:20 - clicked on find new cars
2025-10-20 15:34:50,811 - INFO - NewCarsPage.py - __init__ - Line:15 - clicking on view more brands
2025-10-20 15:34:50,898 - INFO - NewCarsPage.py - __init__ - Line:18 - clicked on view more brands
2025-10-20 15:34:52,911 - INFO - NewCarsPage.py - select_Mahindra - Line:29 - clicking on mahindra cars
2025-10-20 15:34:53,056 - INFO - NewCarsPage.py - select_Mahindra - Line:31 - clicked on mahindra cars
2025-10-20 15:34:54,537 - INFO - test_new_cars_details.py - test_get_mahindra_cars_details - Line:38 - writing mahindra car details in excel
2025-10-20 15:34:54,595 - INFO - test_new_cars_details.py - test_get_mahindra_cars_details - Line:40 - mahindra car details saved in excel
2025-10-20 15:34:59,953 - INFO - test_new_cars_details.py - test_get_tata_cars_details - Line:43 - extracting tata car details
2025-10-20 15:34:59,954 - INFO - HomePage.py - go_to_find_new_cars - Line:15 - hovering on new cars
2025-10-20 15:35:00,275 - INFO - HomePage.py - go_to_find_new_cars - Line:17 - hovered on new cars
2025-10-20 15:35:00,275 - INFO - HomePage.py - go_to_find_new_cars - Line:18 - clicking on find new cars
2025-10-20 15:35:00,465 - INFO - HomePage.py - go_to_find_new_cars - Line:20 - clicked on find new cars
2025-10-20 15:35:01,474 - INFO - NewCarsPage.py - __init__ - Line:15 - clicking on view more brands
2025-10-20 15:35:01,631 - INFO - NewCarsPage.py - __init__ - Line:18 - clicked on view more brands
2025-10-20 15:35:03,646 - INFO - NewCarsPage.py - select_TATA - Line:35 - clicking on tata cars
2025-10-20 15:35:03,794 - INFO - NewCarsPage.py - select_TATA - Line:37 - clicked on tata cars
2025-10-20 15:35:41,180 - INFO - test_new_cars_details.py - test_get_bentley_cars_details - Line:50 - extracting bentley car details
2025-10-20 15:35:41,180 - INFO - HomePage.py - go_to_find_new_cars - Line:15 - hovering on new cars
2025-10-20 15:35:41,502 - INFO - HomePage.py - go_to_find_new_cars - Line:17 - hovered on new cars
2025-10-20 15:35:41,504 - INFO - HomePage.py - go_to_find_new_cars - Line:18 - clicking on find new cars
2025-10-20 15:35:41,705 - INFO - HomePage.py - go_to_find_new_cars - Line:20 - clicked on find new cars
2025-10-20 15:35:42,715 - INFO - NewCarsPage.py - __init__ - Line:15 - clicking on view more brands
2025-10-20 15:35:42,791 - INFO - NewCarsPage.py - __init__ - Line:18 - clicked on view more brands
2025-10-20 15:35:44,805 - INFO - NewCarsPage.py - select_Bentley - Line:41 - clicking on bentley cars
2025-10-20 15:35:44,938 - INFO - NewCarsPage.py - select_Bentley - Line:43 - clicked on bentley cars
2025-10-20 15:35:45,551 - INFO - test_new_cars_details.py - test_get_bentley_cars_details - Line:52 - writing bentley car details in excel
2025-10-20 15:35:45,640 - INFO - test_new_cars_details.py - test_get_bentley_cars_details - Line:54 - bentley car details saved in excel
2025-10-20 15:35:51,565 - INFO - NewsPage.py - get_latest_news_details_of_specific_car - Line:13 - searching for car news
2025-10-20 15:35:54,014 - INFO - NewsPage.py - get_latest_news_details_of_specific_car - Line:17 - clicking on latest news icon
2025-10-20 15:35:54,342 - INFO - test_news.py - test_news - Line:24 - news screenshot attached to allure
2025-10-20 15:36:02,611 - INFO - SellYourCarPage.py - fill_details - Line:10 - searching for city
2025-10-20 15:36:02,830 - INFO - SellYourCarPage.py - fill_details - Line:12 - clicking on city
2025-10-20 15:36:03,527 - INFO - SellYourCarPage.py - fill_details - Line:14 - clicking on pincode box
2025-10-20 15:36:03,709 - INFO - SellYourCarPage.py - fill_details - Line:16 - searching for pincode
2025-10-20 15:36:04,033 - INFO - SellYourCarPage.py - fill_details - Line:18 - clicking on desired pincode
2025-10-20 15:36:04,174 - INFO - SellYourCarPage.py - fill_details - Line:20 - clicking on next button
2025-10-20 15:36:04,376 - INFO - SellYourCarPage.py - fill_details - Line:22 - selecting year
2025-10-20 15:36:05,567 - INFO - SellYourCarPage.py - fill_details - Line:24 - selecting month
2025-10-20 15:36:05,747 - INFO - SellYourCarPage.py - fill_details - Line:26 - selecting brand
2025-10-20 15:36:05,987 - INFO - SellYourCarPage.py - fill_details - Line:28 - selecting model
2025-10-20 15:36:06,709 - INFO - SellYourCarPage.py - fill_details - Line:30 - selecting fuel
2025-10-20 15:36:06,853 - INFO - SellYourCarPage.py - fill_details - Line:32 - selecting version
2025-10-20 15:36:07,564 - INFO - SellYourCarPage.py - fill_details - Line:34 - selecting colour
2025-10-20 15:36:08,310 - INFO - SellYourCarPage.py - fill_details - Line:36 - selecting alternate fuel
2025-10-20 15:36:08,531 - INFO - SellYourCarPage.py - fill_details - Line:38 - selecting owner
2025-10-20 15:36:08,708 - INFO - SellYourCarPage.py - fill_details - Line:40 - typing kilometers
2025-10-20 15:36:08,866 - INFO - SellYourCarPage.py - fill_details - Line:42 - typing selling price
2025-10-20 15:36:10,986 - INFO - SellYourCarPage.py - fill_details - Line:45 - clicking on post ad
2025-10-20 15:36:21,180 - INFO - SellYourCarPage.py - fill_details - Line:10 - searching for city
2025-10-20 15:36:21,375 - INFO - SellYourCarPage.py - fill_details - Line:12 - clicking on city
2025-10-20 15:36:22,533 - INFO - SellYourCarPage.py - fill_details - Line:14 - clicking on pincode box
2025-10-20 15:36:22,705 - INFO - SellYourCarPage.py - fill_details - Line:16 - searching for pincode
2025-10-20 15:36:22,981 - INFO - SellYourCarPage.py - fill_details - Line:18 - clicking on desired pincode
2025-10-20 15:36:23,109 - INFO - SellYourCarPage.py - fill_details - Line:20 - clicking on next button
2025-10-20 15:36:23,208 - INFO - SellYourCarPage.py - fill_details - Line:22 - selecting year
2025-10-20 15:36:24,045 - INFO - SellYourCarPage.py - fill_details - Line:24 - selecting month
2025-10-20 15:36:24,376 - INFO - SellYourCarPage.py - fill_details - Line:26 - selecting brand
2025-10-20 15:36:24,615 - INFO - SellYourCarPage.py - fill_details - Line:28 - selecting model
2025-10-20 15:36:25,572 - INFO - SellYourCarPage.py - fill_details - Line:30 - selecting fuel
2025-10-20 15:36:25,832 - INFO - SellYourCarPage.py - fill_details - Line:32 - selecting version
2025-10-20 15:36:26,748 - INFO - SellYourCarPage.py - fill_details - Line:34 - selecting colour
2025-10-20 15:36:27,478 - INFO - SellYourCarPage.py - fill_details - Line:36 - selecting alternate fuel
2025-10-20 15:36:27,614 - INFO - SellYourCarPage.py - fill_details - Line:38 - selecting owner
2025-10-20 15:36:27,749 - INFO - SellYourCarPage.py - fill_details - Line:40 - typing kilometers
2025-10-20 15:36:27,946 - INFO - SellYourCarPage.py - fill_details - Line:42 - typing selling price
2025-10-20 15:36:30,158 - INFO - SellYourCarPage.py - fill_details - Line:45 - clicking on post ad
